<?xml version="1.0" encoding="UTF-8"?>
<testng-results ignored="2" total="3" passed="1" failed="0" skipped="0">
  <reporter-output>
  </reporter-output>
  <suite started-at="2022-02-03T21:02:43 CET" name="Default Suite" finished-at="2022-02-03T21:02:52 CET" duration-ms="8474">
    <groups>
    </groups>
    <test started-at="2022-02-03T21:02:43 CET" name="TestSaucedemo" finished-at="2022-02-03T21:02:52 CET" duration-ms="8474">
      <class name="Tests.TestOrderProduct">
        <test-method is-config="true" signature="setUp()[pri:0, instance:Tests.TestOrderProduct@19d37183]" started-at="2022-02-03T21:02:43 CET" name="setUp" finished-at="2022-02-03T21:02:48 CET" duration-ms="4620" status="PASS">
          <reporter-output>
          </reporter-output>
        </test-method> <!-- setUp -->
        <test-method is-config="true" signature="setUpPage()[pri:0, instance:Tests.TestOrderProduct@19d37183]" started-at="2022-02-03T21:02:48 CET" name="setUpPage" finished-at="2022-02-03T21:02:49 CET" duration-ms="845" status="PASS">
          <reporter-output>
          </reporter-output>
        </test-method> <!-- setUpPage -->
        <test-method signature="continueShopping()[pri:0, instance:Tests.TestOrderProduct@19d37183]" started-at="2022-02-03T21:02:49 CET" name="continueShopping" finished-at="2022-02-03T21:02:51 CET" duration-ms="2125" status="PASS">
          <reporter-output>
          </reporter-output>
        </test-method> <!-- continueShopping -->
        <test-method is-config="true" signature="tearDown()[pri:0, instance:Tests.TestOrderProduct@19d37183]" started-at="2022-02-03T21:02:51 CET" name="tearDown" finished-at="2022-02-03T21:02:52 CET" duration-ms="770" status="PASS">
          <reporter-output>
          </reporter-output>
        </test-method> <!-- tearDown -->
      </class> <!-- Tests.TestOrderProduct -->
    </test> <!-- TestSaucedemo -->
  </suite> <!-- Default Suite -->
</testng-results>
