<?xml version="1.0" encoding="UTF-8"?>
<!-- Generated by org.testng.reporters.JUnitXMLReporter -->
<testsuite ignored="2" hostname="DESKTOP-08MK2PB" failures="0" tests="1" name="TestSaucedemo" time="8.474" errors="0" timestamp="2022-02-03T21:02:52 CET">
  <testcase classname="Tests.TestOrderProduct" name="continueShopping" time="2.125"/>
  <testcase classname="Tests.TestOrderProduct" name="orderTwoProduct" time="0.0">
    <ignored/>
  </testcase> <!-- orderTwoProduct -->
  <testcase classname="Tests.TestOrderProduct" name="orderOneProduct" time="0.0">
    <ignored/>
  </testcase> <!-- orderOneProduct -->
</testsuite> <!-- TestSaucedemo -->
