<?xml version="1.0" encoding="UTF-8"?>
<!-- Generated by org.testng.reporters.JUnitXMLReporter -->
<testsuite ignored="0" hostname="DESKTOP-08MK2PB" failures="0" tests="9" name="Nopackage" time="33.809" errors="0" timestamp="2022-02-03T02:16:23 CET">
  <testcase classname="Tests.TestLogInPage" name="logInButtonColor" time="0.125"/>
  <testcase classname="Tests.TestLogInPage" name="logInHappyPath" time="1.837"/>
  <testcase classname="Tests.TestLogInPage" name="logInUnhappyPathWrongPassword" time="0.769"/>
  <testcase classname="Tests.TestLogInPage" name="logInUnhappyPathWrongUsername" time="0.704"/>
  <testcase classname="Tests.TestSortProduct" name="sortByNameAZ" time="2.675"/>
  <testcase classname="Tests.TestSortProduct" name="sortByNameZA" time="2.072"/>
  <testcase classname="Tests.TestSortProduct" name="sortByPriceHiLo" time="1.275"/>
  <testcase classname="Tests.TestSortProduct" name="sortByPriceLoHi" time="1.245"/>
  <testcase classname="Tests.TestOrderProduct" name="orderOneProduct" time="3.09"/>
</testsuite> <!-- Nopackage -->
